This is pdfTeX, Version 3.14159265-2.6-1.40.17 (MiKTeX 2.9) (preloaded format=pdflatex 2016.11.12)  30 NOV 2017 03:25
entering extended mode
**./DESARROLLOR.tex
(DESARROLLOR.tex
LaTeX2e <2016/03/31> patch level 3
Babel <3.9r> and hyphenation patterns for 75 language(s) loaded.
("C:\Program Files\LaTex\tex\latex\base\article.cls"
Document Class: article 2014/09/29 v1.4h Standard LaTeX document class
("C:\Program Files\LaTex\tex\latex\base\size11.clo"
File: size11.clo 2014/09/29 v1.4h Standard LaTeX file (size option)
)
\c@part=\count79
\c@section=\count80
\c@subsection=\count81
\c@subsubsection=\count82
\c@paragraph=\count83
\c@subparagraph=\count84
\c@figure=\count85
\c@table=\count86
\abovecaptionskip=\skip41
\belowcaptionskip=\skip42
\bibindent=\dimen102
)
("C:\Program Files\LaTex\tex\latex\base\inputenc.sty"
Package: inputenc 2015/03/17 v1.2c Input encoding file
\inpenc@prehook=\toks14
\inpenc@posthook=\toks15

("C:\Program Files\LaTex\tex\latex\base\latin1.def"
File: latin1.def 2015/03/17 v1.2c Input encoding file
))
("C:\Program Files\LaTex\tex\generic\babel\babel.sty"
Package: babel 2016/04/23 3.9r The Babel package

*************************************
* Local config file bblopts.cfg used
*
(C:\Users\Lnvo-PC\AppData\Roaming\MiKTeX\2.9\tex\latex\arabi\bblopts.cfg
File: bblopts.cfg 2005/09/08 v0.1 add Arabic and Farsi to "declared" options of
 babel
)
("C:\Program Files\LaTex\tex\latex\babel-spanish\spanish.ldf"
Language: spanish.ldf 2016/03/03 v5.0p Spanish support from the babel system

("C:\Program Files\LaTex\tex\generic\babel\babel.def"
File: babel.def 2016/04/23 3.9r Babel common definitions
\babel@savecnt=\count87
\U@D=\dimen103
)
\es@quottoks=\toks16
\es@quotdepth=\count88
Package babel Info: Making " an active character on input line 561.
Package babel Info: Making . an active character on input line 662.
Package babel Info: Making < an active character on input line 707.
Package babel Info: Making > an active character on input line 707.
))
("C:\Program Files\LaTex\tex\latex\amsmath\amsmath.sty"
Package: amsmath 2016/06/28 v2.15d AMS math features
\@mathmargin=\skip43

For additional information on amsmath, use the `?' option.
("C:\Program Files\LaTex\tex\latex\amsmath\amstext.sty"
Package: amstext 2000/06/29 v2.01 AMS text

("C:\Program Files\LaTex\tex\latex\amsmath\amsgen.sty"
File: amsgen.sty 1999/11/30 v2.0 generic functions
\@emptytoks=\toks17
\ex@=\dimen104
))
("C:\Program Files\LaTex\tex\latex\amsmath\amsbsy.sty"
Package: amsbsy 1999/11/29 v1.2d Bold Symbols
\pmbraise@=\dimen105
)
("C:\Program Files\LaTex\tex\latex\amsmath\amsopn.sty"
Package: amsopn 2016/03/08 v2.02 operator names
)
\inf@bad=\count89
LaTeX Info: Redefining \frac on input line 199.
\uproot@=\count90
\leftroot@=\count91
LaTeX Info: Redefining \overline on input line 297.
\classnum@=\count92
\DOTSCASE@=\count93
LaTeX Info: Redefining \ldots on input line 394.
LaTeX Info: Redefining \dots on input line 397.
LaTeX Info: Redefining \cdots on input line 518.
\Mathstrutbox@=\box26
\strutbox@=\box27
\big@size=\dimen106
LaTeX Font Info:    Redeclaring font encoding OML on input line 634.
LaTeX Font Info:    Redeclaring font encoding OMS on input line 635.
\macc@depth=\count94
\c@MaxMatrixCols=\count95
\dotsspace@=\muskip10
\c@parentequation=\count96
\dspbrk@lvl=\count97
\tag@help=\toks18
\row@=\count98
\column@=\count99
\maxfields@=\count100
\andhelp@=\toks19
\eqnshift@=\dimen107
\alignsep@=\dimen108
\tagshift@=\dimen109
\tagwidth@=\dimen110
\totwidth@=\dimen111
\lineht@=\dimen112
\@envbody=\toks20
\multlinegap=\skip44
\multlinetaggap=\skip45
\mathdisplay@stack=\toks21
LaTeX Info: Redefining \[ on input line 2739.
LaTeX Info: Redefining \] on input line 2740.
)
("C:\Program Files\LaTex\tex\latex\amsfonts\amsfonts.sty"
Package: amsfonts 2013/01/14 v3.01 Basic AMSFonts support
\symAMSa=\mathgroup4
\symAMSb=\mathgroup5
LaTeX Font Info:    Overwriting math alphabet `\mathfrak' in version `bold'
(Font)                  U/euf/m/n --> U/euf/b/n on input line 106.
)
("C:\Program Files\LaTex\tex\latex\amsfonts\amssymb.sty"
Package: amssymb 2013/01/14 v3.01 AMS font symbols
)
("C:\Program Files\LaTex\tex\latex\base\makeidx.sty"
Package: makeidx 2014/09/29 v1.0m Standard LaTeX package
)
("C:\Program Files\LaTex\tex\latex\graphics\graphicx.sty"
Package: graphicx 2014/10/28 v1.0g Enhanced LaTeX Graphics (DPC,SPQR)

("C:\Program Files\LaTex\tex\latex\graphics\keyval.sty"
Package: keyval 2014/10/28 v1.15 key=value parser (DPC)
\KV@toks@=\toks22
)
("C:\Program Files\LaTex\tex\latex\graphics\graphics.sty"
Package: graphics 2016/07/10 v1.0t Standard LaTeX Graphics (DPC,SPQR)

("C:\Program Files\LaTex\tex\latex\graphics\trig.sty"
Package: trig 2016/01/03 v1.10 sin cos tan (DPC)
)
("C:\Program Files\LaTex\tex\latex\00miktex\graphics.cfg"
File: graphics.cfg 2016/06/04 v1.11 sample graphics configuration
)
Package graphics Info: Driver file: pdftex.def on input line 99.

("C:\Program Files\LaTex\tex\latex\graphics-def\pdftex.def"
File: pdftex.def 2016/07/10 v0.06j Graphics/color for pdfTeX

("C:\Program Files\LaTex\tex\generic\oberdiek\infwarerr.sty"
Package: infwarerr 2016/05/16 v1.4 Providing info/warning/error messages (HO)
)
("C:\Program Files\LaTex\tex\generic\oberdiek\ltxcmds.sty"
Package: ltxcmds 2016/05/16 v1.23 LaTeX kernel commands for general use (HO)
)
\Gread@gobject=\count101
))
\Gin@req@height=\dimen113
\Gin@req@width=\dimen114
)
("C:\Program Files\LaTex\tex\latex\lm\lmodern.sty"
Package: lmodern 2009/10/30 v1.6 Latin Modern Fonts
LaTeX Font Info:    Overwriting symbol font `operators' in version `normal'
(Font)                  OT1/cmr/m/n --> OT1/lmr/m/n on input line 22.
LaTeX Font Info:    Overwriting symbol font `letters' in version `normal'
(Font)                  OML/cmm/m/it --> OML/lmm/m/it on input line 23.
LaTeX Font Info:    Overwriting symbol font `symbols' in version `normal'
(Font)                  OMS/cmsy/m/n --> OMS/lmsy/m/n on input line 24.
LaTeX Font Info:    Overwriting symbol font `largesymbols' in version `normal'
(Font)                  OMX/cmex/m/n --> OMX/lmex/m/n on input line 25.
LaTeX Font Info:    Overwriting symbol font `operators' in version `bold'
(Font)                  OT1/cmr/bx/n --> OT1/lmr/bx/n on input line 26.
LaTeX Font Info:    Overwriting symbol font `letters' in version `bold'
(Font)                  OML/cmm/b/it --> OML/lmm/b/it on input line 27.
LaTeX Font Info:    Overwriting symbol font `symbols' in version `bold'
(Font)                  OMS/cmsy/b/n --> OMS/lmsy/b/n on input line 28.
LaTeX Font Info:    Overwriting symbol font `largesymbols' in version `bold'
(Font)                  OMX/cmex/m/n --> OMX/lmex/m/n on input line 29.
LaTeX Font Info:    Overwriting math alphabet `\mathbf' in version `normal'
(Font)                  OT1/cmr/bx/n --> OT1/lmr/bx/n on input line 31.
LaTeX Font Info:    Overwriting math alphabet `\mathsf' in version `normal'
(Font)                  OT1/cmss/m/n --> OT1/lmss/m/n on input line 32.
LaTeX Font Info:    Overwriting math alphabet `\mathit' in version `normal'
(Font)                  OT1/cmr/m/it --> OT1/lmr/m/it on input line 33.
LaTeX Font Info:    Overwriting math alphabet `\mathtt' in version `normal'
(Font)                  OT1/cmtt/m/n --> OT1/lmtt/m/n on input line 34.
LaTeX Font Info:    Overwriting math alphabet `\mathbf' in version `bold'
(Font)                  OT1/cmr/bx/n --> OT1/lmr/bx/n on input line 35.
LaTeX Font Info:    Overwriting math alphabet `\mathsf' in version `bold'
(Font)                  OT1/cmss/bx/n --> OT1/lmss/bx/n on input line 36.
LaTeX Font Info:    Overwriting math alphabet `\mathit' in version `bold'
(Font)                  OT1/cmr/bx/it --> OT1/lmr/bx/it on input line 37.
LaTeX Font Info:    Overwriting math alphabet `\mathtt' in version `bold'
(Font)                  OT1/cmtt/m/n --> OT1/lmtt/m/n on input line 38.
)
("C:\Program Files\LaTex\tex\latex\geometry\geometry.sty"
Package: geometry 2010/09/12 v5.6 Page Geometry

("C:\Program Files\LaTex\tex\generic\oberdiek\ifpdf.sty"
Package: ifpdf 2016/05/14 v3.1 Provides the ifpdf switch
)
("C:\Program Files\LaTex\tex\generic\oberdiek\ifvtex.sty"
Package: ifvtex 2016/05/16 v1.6 Detect VTeX and its facilities (HO)
Package ifvtex Info: VTeX not detected.
)
("C:\Program Files\LaTex\tex\generic\ifxetex\ifxetex.sty"
Package: ifxetex 2010/09/12 v0.6 Provides ifxetex conditional
)
\Gm@cnth=\count102
\Gm@cntv=\count103
\c@Gm@tempcnt=\count104
\Gm@bindingoffset=\dimen115
\Gm@wd@mp=\dimen116
\Gm@odd@mp=\dimen117
\Gm@even@mp=\dimen118
\Gm@layoutwidth=\dimen119
\Gm@layoutheight=\dimen120
\Gm@layouthoffset=\dimen121
\Gm@layoutvoffset=\dimen122
\Gm@dimlist=\toks23

("C:\Program Files\LaTex\tex\latex\geometry\geometry.cfg")) (DESARROLLOR.aux
LaTeX Info: Redefining \. on input line 6.
LaTeX Info: Redefining \% on input line 6.
)
\openout1 = `DESARROLLOR.aux'.

LaTeX Font Info:    Checking defaults for OML/cmm/m/it on input line 13.
LaTeX Font Info:    ... okay on input line 13.
LaTeX Font Info:    Checking defaults for T1/cmr/m/n on input line 13.
LaTeX Font Info:    ... okay on input line 13.
LaTeX Font Info:    Checking defaults for OT1/cmr/m/n on input line 13.
LaTeX Font Info:    ... okay on input line 13.
LaTeX Font Info:    Checking defaults for OMS/cmsy/m/n on input line 13.
LaTeX Font Info:    ... okay on input line 13.
LaTeX Font Info:    Checking defaults for OMX/cmex/m/n on input line 13.
LaTeX Font Info:    ... okay on input line 13.
LaTeX Font Info:    Checking defaults for U/cmr/m/n on input line 13.
LaTeX Font Info:    ... okay on input line 13.
LaTeX Font Info:    Try loading font information for OT1+lmr on input line 13.

("C:\Program Files\LaTex\tex\latex\lm\ot1lmr.fd"
File: ot1lmr.fd 2009/10/30 v1.6 Font defs for Latin Modern
)
LaTeX Info: Redefining \. on input line 13.
LaTeX Info: Redefining \% on input line 13.

(C:\Users\Lnvo-PC\AppData\Roaming\MiKTeX\2.9\tex\context\base\supp-pdf.mkii
[Loading MPS to PDF converter (version 2006.09.02).]
\scratchcounter=\count105
\scratchdimen=\dimen123
\scratchbox=\box28
\nofMPsegments=\count106
\nofMParguments=\count107
\everyMPshowfont=\toks24
\MPscratchCnt=\count108
\MPscratchDim=\dimen124
\MPnumerator=\count109
\makeMPintoPDFobject=\count110
\everyMPtoPDFconversion=\toks25
) ("C:\Program Files\LaTex\tex\generic\oberdiek\pdftexcmds.sty"
Package: pdftexcmds 2016/05/21 v0.22 Utility functions of pdfTeX for LuaTeX (HO
)

("C:\Program Files\LaTex\tex\generic\oberdiek\ifluatex.sty"
Package: ifluatex 2016/05/16 v1.4 Provides the ifluatex switch (HO)
Package ifluatex Info: LuaTeX not detected.
)
Package pdftexcmds Info: LuaTeX not detected.
Package pdftexcmds Info: \pdf@primitive is available.
Package pdftexcmds Info: \pdf@ifprimitive is available.
Package pdftexcmds Info: \pdfdraftmode found.
)
("C:\Program Files\LaTex\tex\latex\oberdiek\epstopdf-base.sty"
Package: epstopdf-base 2016/05/15 v2.6 Base part for package epstopdf

("C:\Program Files\LaTex\tex\latex\oberdiek\grfext.sty"
Package: grfext 2016/05/16 v1.2 Manage graphics extensions (HO)

("C:\Program Files\LaTex\tex\generic\oberdiek\kvdefinekeys.sty"
Package: kvdefinekeys 2016/05/16 v1.4 Define keys (HO)
))
("C:\Program Files\LaTex\tex\latex\oberdiek\kvoptions.sty"
Package: kvoptions 2016/05/16 v3.12 Key value format for package options (HO)

("C:\Program Files\LaTex\tex\generic\oberdiek\kvsetkeys.sty"
Package: kvsetkeys 2016/05/16 v1.17 Key value parser (HO)

("C:\Program Files\LaTex\tex\generic\oberdiek\etexcmds.sty"
Package: etexcmds 2016/05/16 v1.6 Avoid name clashes with e-TeX commands (HO)
Package etexcmds Info: Could not find \expanded.
(etexcmds)             That can mean that you are not using pdfTeX 1.50 or
(etexcmds)             that some package has redefined \expanded.
(etexcmds)             In the latter case, load this package earlier.
)))
Package epstopdf-base Info: Redefining graphics rule for `.eps' on input line 4
38.
Package grfext Info: Graphics extension search list:
(grfext)             [.png,.pdf,.jpg,.mps,.jpeg,.jbig2,.jb2,.PNG,.PDF,.JPG,.JPE
G,.JBIG2,.JB2,.eps]
(grfext)             \AppendGraphicsExtensions on input line 456.
)
*geometry* driver: auto-detecting
*geometry* detected driver: pdftex
*geometry* verbose mode - [ preamble ] result:
* driver: pdftex
* paper: a4paper
* layout: <same size as paper>
* layoutoffset:(h,v)=(0.0pt,0.0pt)
* modes: 
* h-part:(L,W,R)=(56.9055pt, 483.69687pt, 56.9055pt)
* v-part:(T,H,B)=(56.9055pt, 731.23584pt, 56.9055pt)
* \paperwidth=597.50787pt
* \paperheight=845.04684pt
* \textwidth=483.69687pt
* \textheight=731.23584pt
* \oddsidemargin=-15.36449pt
* \evensidemargin=-15.36449pt
* \topmargin=-52.36449pt
* \headheight=12.0pt
* \headsep=25.0pt
* \topskip=11.0pt
* \footskip=30.0pt
* \marginparwidth=50.0pt
* \marginparsep=10.0pt
* \columnsep=10.0pt
* \skip\footins=10.0pt plus 4.0pt minus 2.0pt
* \hoffset=0.0pt
* \voffset=0.0pt
* \mag=1000
* \@twocolumnfalse
* \@twosidefalse
* \@mparswitchfalse
* \@reversemarginfalse
* (1in=72.27pt=25.4mm, 1cm=28.453pt)

(DESARROLLOR.toc
LaTeX Info: Redefining \. on input line 1.
LaTeX Info: Redefining \% on input line 1.
)
\tf@toc=\write3
\openout3 = `DESARROLLOR.toc'.



! LaTeX Error: There's no line here to end.

See the LaTeX manual or LaTeX Companion for explanation.
Type  H <return>  for immediate help.
 ...                                              
                                                  
l.20 \medskip
             
Your command was ignored.
Type  I <command> <return>  to replace it with another command,
or  <return>  to continue without it.


! LaTeX Error: There's no line here to end.

See the LaTeX manual or LaTeX Companion for explanation.
Type  H <return>  for immediate help.
 ...                                              
                                                  
l.24 E
      n esta pr\'{a}ctica lo que se busca es analizar el comportamiento de l...

Your command was ignored.
Type  I <command> <return>  to replace it with another command,
or  <return>  to continue without it.


! LaTeX Error: There's no line here to end.

See the LaTeX manual or LaTeX Companion for explanation.
Type  H <return>  for immediate help.
 ...                                              
                                                  
l.34 
     
Your command was ignored.
Type  I <command> <return>  to replace it with another command,
or  <return>  to continue without it.

[1

{C:/Users/Lnvo-PC/AppData/Local/MiKTeX/2.9/pdftex/config/pdftex.map}]
<../../../../../../Pictures/JJDJDDHDJBJHa.jpg, id=8, 303.38344pt x 212.29312pt>
File: ../../../../../../Pictures/JJDJDDHDJBJHa.jpg Graphic file (type jpg)
<use ../../../../../../Pictures/JJDJDDHDJBJHa.jpg>
Package pdftex.def Info: ../../../../../../Pictures/JJDJDDHDJBJHa.jpg used on i
nput line 48.
(pdftex.def)             Requested size: 256.0748pt x 179.19315pt.
LaTeX Font Info:    Try loading font information for OML+lmm on input line 52.

("C:\Program Files\LaTex\tex\latex\lm\omllmm.fd"
File: omllmm.fd 2009/10/30 v1.6 Font defs for Latin Modern
)
LaTeX Font Info:    Try loading font information for OMS+lmsy on input line 52.


("C:\Program Files\LaTex\tex\latex\lm\omslmsy.fd"
File: omslmsy.fd 2009/10/30 v1.6 Font defs for Latin Modern
)
LaTeX Font Info:    Try loading font information for OMX+lmex on input line 52.


("C:\Program Files\LaTex\tex\latex\lm\omxlmex.fd"
File: omxlmex.fd 2009/10/30 v1.6 Font defs for Latin Modern
)
LaTeX Font Info:    External font `lmex10' loaded for size
(Font)              <10.95> on input line 52.
LaTeX Font Info:    External font `lmex10' loaded for size
(Font)              <8> on input line 52.
LaTeX Font Info:    External font `lmex10' loaded for size
(Font)              <6> on input line 52.
LaTeX Font Info:    Try loading font information for U+msa on input line 52.

("C:\Program Files\LaTex\tex\latex\amsfonts\umsa.fd"
File: umsa.fd 2013/01/14 v3.01 AMS symbols A
)
LaTeX Font Info:    Try loading font information for U+msb on input line 52.

("C:\Program Files\LaTex\tex\latex\amsfonts\umsb.fd"
File: umsb.fd 2013/01/14 v3.01 AMS symbols B
)

! LaTeX Error: There's no line here to end.

See the LaTeX manual or LaTeX Companion for explanation.
Type  H <return>  for immediate help.
 ...                                              
                                                  
l.61 1
      .-Fuente regulada 40 V. 10 A.\\
Your command was ignored.
Type  I <command> <return>  to replace it with another command,
or  <return>  to continue without it.

[2 <../../../../../../Pictures/JJDJDDHDJBJHa.jpg>]

! LaTeX Error: There's no line here to end.

See the LaTeX manual or LaTeX Companion for explanation.
Type  H <return>  for immediate help.
 ...                                              
                                                  
l.79 \textbf
            {PARTE 1.}\\
Your command was ignored.
Type  I <command> <return>  to replace it with another command,
or  <return>  to continue without it.


<../../../../../../Pictures/sasasasasasasasasasasasasasasasasa.jpg, id=13, 180.
675pt x 126.4725pt>
File: ../../../../../../Pictures/sasasasasasasasasasasasasasasasasa.jpg Graphic
 file (type jpg)

<use ../../../../../../Pictures/sasasasasasasasasasasasasasasasasa.jpg>
Package pdftex.def Info: ../../../../../../Pictures/sasasasasasasasasasasasasas
asasasa.jpg used on input line 84.
(pdftex.def)             Requested size: 256.0748pt x 179.26991pt.

<../../../../../../Pictures/ppppppppppppppppppppppp.jpg, id=14, 400.49625pt x 2
46.9225pt>
File: ../../../../../../Pictures/ppppppppppppppppppppppp.jpg Graphic file (type
 jpg)
 <use ../../../../../../Pictures/ppppppppppppppppppppppp.jpg>
Package pdftex.def Info: ../../../../../../Pictures/ppppppppppppppppppppppp.jpg
 used on input line 91.
(pdftex.def)             Requested size: 199.16928pt x 122.7978pt.

<../../../../../../Pictures/rururuurururururu.jpg, id=15, 592.46344pt x 312.417
19pt>
File: ../../../../../../Pictures/rururuurururururu.jpg Graphic file (type jpg)
 <use ../../../../../../Pictures/rururuurururururu.jpg>
Package pdftex.def Info: ../../../../../../Pictures/rururuurururururu.jpg used 
on input line 98.
(pdftex.def)             Requested size: 256.0748pt x 135.03752pt.

<../../../../../../Pictures/rirururururuururu.jpg, id=16, 590.95781pt x 307.900
31pt>
File: ../../../../../../Pictures/rirururururuururu.jpg Graphic file (type jpg)
 <use ../../../../../../Pictures/rirururururuururu.jpg>
Package pdftex.def Info: ../../../../../../Pictures/rirururururuururu.jpg used 
on input line 110.
(pdftex.def)             Requested size: 256.0748pt x 133.42345pt.

Underfull \hbox (badness 10000) in paragraph at lines 102--114

 []

[3 <../../../../../../Pictures/sasasasasasasasasasasasasasasasasa.jpg> <../../.
./../../../Pictures/ppppppppppppppppppppppp.jpg> <../../../../../../Pictures/ru
ruruurururururu.jpg>]
<../../../../../../Pictures/upupupupupupuppu.jpg, id=23, 589.4522pt x 304.88907
pt>
File: ../../../../../../Pictures/upupupupupupuppu.jpg Graphic file (type jpg)
 <use ../../../../../../Pictures/upupupupupupuppu.jpg>
Package pdftex.def Info: ../../../../../../Pictures/upupupupupupuppu.jpg used o
n input line 122.
(pdftex.def)             Requested size: 256.0748pt x 132.45354pt.

Underfull \hbox (badness 10000) in paragraph at lines 114--126

 []


Underfull \hbox (badness 10000) in paragraph at lines 126--129

 []


! LaTeX Error: There's no line here to end.

See the LaTeX manual or LaTeX Companion for explanation.
Type  H <return>  for immediate help.
 ...                                              
                                                  
l.130 P
       odemos concluir que los 4 alambres primeramente analizados, cumple ef...

Your command was ignored.
Type  I <command> <return>  to replace it with another command,
or  <return>  to continue without it.

[4 <../../../../../../Pictures/rirururururuururu.jpg> <../../../../../../Pictur
es/upupupupupupuppu.jpg>]
<../../../../../../Pictures/pssspsppspspspspspspsasasasasassssssss.jpg, id=27, 
542.025pt x 240.14719pt>
File: ../../../../../../Pictures/pssspsppspspspspspspsasasasasassssssss.jpg Gra
phic file (type jpg)

<use ../../../../../../Pictures/pssspsppspspspspspspsasasasasassssssss.jpg>
Package pdftex.def Info: ../../../../../../Pictures/pssspsppspspspspspspsasasas
asassssssss.jpg used on input line 141.
(pdftex.def)             Requested size: 341.43306pt x 151.27885pt.

Underfull \hbox (badness 10000) in paragraph at lines 135--144

 []


! LaTeX Error: There's no line here to end.

See the LaTeX manual or LaTeX Companion for explanation.
Type  H <return>  for immediate help.
 ...                                              
                                                  
l.145 L
       os coeficientes encontrados para los materiales anotados en la tabla ...

Your command was ignored.
Type  I <command> <return>  to replace it with another command,
or  <return>  to continue without it.


<../../../../../../Pictures/DDSDSDasdasfFASFASFAS.jpg, id=28, 248.42813pt x 169
.38281pt>
File: ../../../../../../Pictures/DDSDSDasdasfFASFASFAS.jpg Graphic file (type j
pg)
 <use ../../../../../../Pictures/DDSDSDasdasfFASFASFAS.jpg>
Package pdftex.def Info: ../../../../../../Pictures/DDSDSDasdasfFASFASFAS.jpg u
sed on input line 155.
(pdftex.def)             Requested size: 199.16928pt x 135.79848pt.

<../../../../../../Pictures/papasasjdhaskjdashdakjsdhas.jpg, id=29, 529.22719pt
 x 269.50688pt>
File: ../../../../../../Pictures/papasasjdhaskjdashdakjsdhas.jpg Graphic file (
type jpg)

<use ../../../../../../Pictures/papasasjdhaskjdashdakjsdhas.jpg>
Package pdftex.def Info: ../../../../../../Pictures/papasasjdhaskjdashdakjsdhas
.jpg used on input line 161.
(pdftex.def)             Requested size: 256.0748pt x 130.40636pt.

! Missing $ inserted.
<inserted text> 
                $
l.164 \textbf{Ajuste de datos} Con la ecuaci√≥
                                              n del ajuste:
I've inserted a begin-math/end-math symbol since I think
you left one out. Proceed, with fingers crossed.

! Extra }, or forgotten $.
\maththreesuperior ->{^3}
                         
l.164 \textbf{Ajuste de datos} Con la ecuaci√≥
                                              n del ajuste:
I've deleted a group-closing symbol because it seems to be
spurious, as in `$x}$'. But perhaps the } is legitimate and
you forgot something else, as in `\hbox{$x}'. In such cases
the way to recover is to insert both the forgotten and the
deleted material, e.g., by typing `I$}'.


! LaTeX Error: Bad math environment delimiter.

See the LaTeX manual or LaTeX Companion for explanation.
Type  H <return>  for immediate help.
 ...                                              
                                                  
l.165 \[
        R (m) = 3.2585 (\Omega/m)L(m) + 0.012 (\Omega)\]
Your command was ignored.
Type  I <command> <return>  to replace it with another command,
or  <return>  to continue without it.

! Missing \endgroup inserted.
<inserted text> 
                \endgroup 
l.165 ... 3.2585 (\Omega/m)L(m) + 0.012 (\Omega)\]
                                                  
I've inserted something that you may have forgotten.
(See the <inserted text> above.)
With luck, this will get me unwedged. But if you
really didn't forget anything, try typing `2' now; then
my insertion and my current dilemma will both disappear.


! LaTeX Error: \begin{document} ended by \end{equation*}.

See the LaTeX manual or LaTeX Companion for explanation.
Type  H <return>  for immediate help.
 ...                                              
                                                  
l.165 ... 3.2585 (\Omega/m)L(m) + 0.012 (\Omega)\]
                                                  
Your command was ignored.
Type  I <command> <return>  to replace it with another command,
or  <return>  to continue without it.

! Missing $ inserted.
<inserted text> 
                $
l.165 ... 3.2585 (\Omega/m)L(m) + 0.012 (\Omega)\]
                                                  
I've inserted something that you may have forgotten.
(See the <inserted text> above.)
With luck, this will get me unwedged. But if you
really didn't forget anything, try typing `2' now; then
my insertion and my current dilemma will both disappear.

! Missing } inserted.
<inserted text> 
                }
l.165 ... 3.2585 (\Omega/m)L(m) + 0.012 (\Omega)\]
                                                  
I've inserted something that you may have forgotten.
(See the <inserted text> above.)
With luck, this will get me unwedged. But if you
really didn't forget anything, try typing `2' now; then
my insertion and my current dilemma will both disappear.

! Extra \endgroup.
<recently read> \endgroup 
                          
l.165 ... 3.2585 (\Omega/m)L(m) + 0.012 (\Omega)\]
                                                  
Things are pretty mixed up, but I think the worst is over.

[5 <../../../../../../Pictures/pssspsppspspspspspspsasasasasassssssss.jpg>]

! LaTeX Error: There's no line here to end.

See the LaTeX manual or LaTeX Companion for explanation.
Type  H <return>  for immediate help.
 ...                                              
                                                  
l.168 E
       l coeficiente de resistividad para el alambre de 10 m fue de $1.405\t...

Your command was ignored.
Type  I <command> <return>  to replace it with another command,
or  <return>  to continue without it.


<../../../../../../Pictures/VADADADVADVADVADSA.jpg, id=33, 173.89969pt x 287.57
437pt>
File: ../../../../../../Pictures/VADADADVADVADVADSA.jpg Graphic file (type jpg)

 <use ../../../../../../Pictures/VADADADVADVADVADSA.jpg>
Package pdftex.def Info: ../../../../../../Pictures/VADADADVADVADVADSA.jpg used
 on input line 178.
(pdftex.def)             Requested size: 113.81102pt x 188.20682pt.

<../../../../../../Pictures/figurerfdfs.jpg, id=34, 184.43906pt x 124.21407pt>
File: ../../../../../../Pictures/figurerfdfs.jpg Graphic file (type jpg)

<use ../../../../../../Pictures/figurerfdfs.jpg>
Package pdftex.def Info: ../../../../../../Pictures/figurerfdfs.jpg used on inp
ut line 179.
(pdftex.def)             Requested size: 256.0748pt x 172.45801pt.

<../../../../../../Pictures/xxxxxxxxxxxxxxxxxxxxxxxxxxxxxxxxxxxxx.jpg, id=35, 3
04.88907pt x 159.59625pt>
File: ../../../../../../Pictures/xxxxxxxxxxxxxxxxxxxxxxxxxxxxxxxxxxxxx.jpg Grap
hic file (type jpg)

<use ../../../../../../Pictures/xxxxxxxxxxxxxxxxxxxxxxxxxxxxxxxxxxxxx.jpg>
Package pdftex.def Info: ../../../../../../Pictures/xxxxxxxxxxxxxxxxxxxxxxxxxxx
xxxxxxxxxx.jpg used on input line 185.
(pdftex.def)             Requested size: 256.0748pt x 134.04774pt.

[6 <../../../../../../Pictures/DDSDSDasdasfFASFASFAS.jpg> <../../../../../../Pi
ctures/papasasjdhaskjdashdakjsdhas.jpg>]

! LaTeX Error: There's no line here to end.

See the LaTeX manual or LaTeX Companion for explanation.
Type  H <return>  for immediate help.
 ...                                              
                                                  
l.191 F
       inalmente, el experimento del foco nos denot\'{o} otra relaci\'{o}n l...

Your command was ignored.
Type  I <command> <return>  to replace it with another command,
or  <return>  to continue without it.

! Missing $ inserted.
<inserted text> 
                $
l.202 1.-https://es.wikipedia.org/wiki/Conductor_
                                                 elC3A9ctrico\\
I've inserted a begin-math/end-math symbol since I think
you left one out. Proceed, with fingers crossed.


LaTeX Warning: Command \' invalid in math mode on input line 205.


LaTeX Warning: Command \' invalid in math mode on input line 205.

! Please use \mathaccent for accents in math mode.
\add@accent ...@spacefactor \spacefactor }\accent 
                                                  #1 #2\egroup \spacefactor ...
l.205 ...ick/Halliday/Krane. Fundamentos de F\'{i}
                                                  sica. Volumen 2. Edici\'{o...
I'm changing \accent to \mathaccent here; wish me luck.
(Accents are not the same in formulas as they are in text.)

! Missing { inserted.
<to be read again> 
                   \begingroup 
l.205 ...ick/Halliday/Krane. Fundamentos de F\'{i}
                                                  sica. Volumen 2. Edici\'{o...
A left brace was mandatory here, so I've put one in.
You might want to delete and/or insert some corrections
so that I will find a matching right brace soon.
(If you're confused by all this, try typing `I}' now.)


LaTeX Warning: Command \i invalid in math mode on input line 205.

! You can't use `\spacefactor' in math mode.
\add@accent ...}\accent #1 #2\egroup \spacefactor 
                                                  \accent@spacefactor 
l.205 ...ick/Halliday/Krane. Fundamentos de F\'{i}
                                                  sica. Volumen 2. Edici\'{o...
Sorry, but I'm not programmed to handle this case;
I'll just pretend that you didn't ask for it.
If you're in the wrong mode, you might be able to
return to the right one by typing `I}' or `I$' or `I\par'.


LaTeX Warning: Command \' invalid in math mode on input line 205.

! Please use \mathaccent for accents in math mode.
\add@accent ...@spacefactor \spacefactor }\accent 
                                                  #1 #2\egroup \spacefactor ...
l.205 ...ntos de F\'{i}sica. Volumen 2. Edici\'{o}
                                                  n 6, extendida. CESA\\
I'm changing \accent to \mathaccent here; wish me luck.
(Accents are not the same in formulas as they are in text.)

! You can't use `\spacefactor' in math mode.
\add@accent ...}\accent #1 #2\egroup \spacefactor 
                                                  \accent@spacefactor 
l.205 ...ntos de F\'{i}sica. Volumen 2. Edici\'{o}
                                                  n 6, extendida. CESA\\
Sorry, but I'm not programmed to handle this case;
I'll just pretend that you didn't ask for it.
If you're in the wrong mode, you might be able to
return to the right one by typing `I}' or `I$' or `I\par'.

! Missing $ inserted.
<inserted text> 
                $
l.206 
      
I've inserted a begin-math/end-math symbol since I think
you left one out. Proceed, with fingers crossed.

! Missing } inserted.
<inserted text> 
                }
l.206 
      
I've inserted something that you may have forgotten.
(See the <inserted text> above.)
With luck, this will get me unwedged. But if you
really didn't forget anything, try typing `2' now; then
my insertion and my current dilemma will both disappear.

Missing character: There is no Ë in font lmex10!
Missing character: There is no Ë in font lmex10!
[7 <../../../../../../Pictures/VADADADVADVADVADSA.jpg> <../../../../../../Pictu
res/figurerfdfs.jpg> <../../../../../../Pictures/xxxxxxxxxxxxxxxxxxxxxxxxxxxxxx
xxxxxxx.jpg>] [8] (DESARROLLOR.aux
LaTeX Info: Redefining \. on input line 6.
LaTeX Info: Redefining \% on input line 6.
) ) 
Here is how much of TeX's memory you used:
 3863 strings out of 493334
 54080 string characters out of 3141395
 125235 words of memory out of 3000000
 7300 multiletter control sequences out of 15000+200000
 25036 words of font info for 34 fonts, out of 3000000 for 9000
 1141 hyphenation exceptions out of 8191
 40i,6n,30p,512b,384s stack positions out of 5000i,500n,10000p,200000b,50000s
{C:/Program Files/LaTex/fonts/enc/dvips/lm/lm-mathit.enc}{C:/Program Files/L
aTex/fonts/enc/dvips/lm/lm-mathsy.enc}{C:/Program Files/LaTex/fonts/enc/dvips/l
m/lm-rm.enc}<C:/Program Files/LaTex/fonts/type1/public/lm/lmbx10.pfb><C:/Progra
m Files/LaTex/fonts/type1/public/lm/lmbx12.pfb><C:/Program Files/LaTex/fonts/ty
pe1/public/lm/lmmi10.pfb><C:/Program Files/LaTex/fonts/type1/public/lm/lmmi8.pf
b><C:/Program Files/LaTex/fonts/type1/public/lm/lmr10.pfb><C:/Program Files/LaT
ex/fonts/type1/public/lm/lmr8.pfb><C:/Program Files/LaTex/fonts/type1/public/lm
/lmsy10.pfb><C:/Program Files/LaTex/fonts/type1/public/lm/lmsy8.pfb>
Output written on DESARROLLOR.pdf (8 pages, 679267 bytes).
PDF statistics:
 76 PDF objects out of 1000 (max. 8388607)
 0 named destinations out of 1000 (max. 500000)
 61 words of extra memory for PDF output out of 10000 (max. 10000000)

