0	1	mikroCPIC1618.exe -MSF -DBG -pP16F886 -DL -O11111114 -fo8 -N"C:\Users\Lnvo-PC\Documents\ALL JAZZZZ\2- FUCKIN' ACADEMIC\LAB. FÍSICA 2\Proyecto de Práctica\PROYECTO CHIDO\Fisica2.mcppi" -SP"C:\Users\Lnvo-PC\Documents\ALL JAZZZZ\4- FUCKIN' TECNOLOGY\FUCKIN' TOOLS\mikroC PRO for PIC\Defs\" -SP"C:\Users\Lnvo-PC\Documents\ALL JAZZZZ\4- FUCKIN' TECNOLOGY\FUCKIN' TOOLS\mikroC PRO for PIC\Uses\P16\" -SP"C:\Users\Lnvo-PC\Documents\ALL JAZZZZ\2- FUCKIN' ACADEMIC\LAB. FÍSICA 2\Proyecto de Práctica\PROYECTO CHIDO\" -SP"C:\Users\Lnvo-PC\Music\" -SP"C:\Users\Lnvo-PC\Documents\ALL JAZZZZ\4- FUCKIN' TECNOLOGY\PROYECTOA\SENSOR DE GAS\" "Fisica2.c" "__Lib_Math.mcl" "__Lib_MathDouble.mcl" "__Lib_System.mcl" "__Lib_Delays.mcl" "__Lib_CType.mcl" "__Lib_CString.mcl" "__Lib_CStdlib.mcl" "__Lib_CMath.mcl" "__Lib_MemManager.mcl" "__Lib_Conversions.mcl" "__Lib_Sprinti.mcl" "__Lib_Sprintl.mcl" "__Lib_Time.mcl" "__Lib_Trigonometry.mcl" "__Lib_Button.mcl" "__Lib_Keypad4x4.mcl" "__Lib_Manchester.mcl" "__Lib_OneWire.mcl" "__Lib_PS2.mcl" "__Lib_Sound.mcl" "__Lib_SoftI2C.mcl" "__Lib_SoftSPI.mcl" "__Lib_SoftUART.mcl" "__Lib_ADC_88X.mcl" "__Lib_EEPROM.mcl" "__Lib_FLASH_RW.mcl" "__Lib_I2C_c34.mcl" "__Lib_PWM_c21.mcl" "__Lib_SPI_c345.mcl" "__Lib_UART_c67.mcl" "__Lib_PortExpander.mcl" "__Lib_CANSPI.mcl" "__Lib_CF.mcl" "__Lib_GlcdFonts.mcl" "__Lib_Glcd.mcl" "__Lib_LcdConsts.mcl" "__Lib_Lcd.mcl" "__Lib_RS485.mcl" "__Lib_S1D13700.mcl" "__Lib_T6963C.mcl" "__Lib_SPIGlcd.mcl" "__Lib_SPILcd.mcl" "__Lib_SPILcd8.mcl" "__Lib_SPIT6963C.mcl" "__Lib_EthEnc28j60.mcl" "__Lib_EthEnc24j600.mcl" "__Lib_TouchPanel.mcl"	 
hint: 0	1139	Available RAM: 352 [bytes], Available ROM: 8192 [bytes]	 
diagnostics: 0	122	Compilation Started	__Lib_Delays.c
diagnostics: 123	123	Compiled Successfully	__Lib_Delays.c
diagnostics: 0	122	Compilation Started	__Lib_MemManager.c
warning: 34	1508	Implicit conversion of int to ptr	__Lib_MemManager.c
diagnostics: 231	123	Compiled Successfully	__Lib_MemManager.c
diagnostics: 0	122	Compilation Started	__Lib_GlcdFonts.c
diagnostics: 1207	123	Compiled Successfully	__Lib_GlcdFonts.c
diagnostics: 0	122	Compilation Started	Fisica2.c
warning: 97	1506	Implicit conversion of pointer to int	Fisica2.c
warning: 98	1506	Implicit conversion of pointer to int	Fisica2.c
diagnostics: 108	123	Compiled Successfully	Fisica2.c
diagnostics: 0	127	All files Compiled in 109 ms	 
hint: 0	1144	Used RAM (bytes): 171 (49%)  Free RAM (bytes): 181 (51%)	Used RAM (bytes): 171 (49%)  Free RAM (bytes): 181 (51%)
hint: 0	1144	Used ROM (program words): 1790 (22%)  Free ROM (program words): 6402 (78%)	Used ROM (program words): 1790 (22%)  Free ROM (program words): 6402 (78%)
diagnostics: 0	125	Project Linked Successfully	Fisica2.mcppi
diagnostics: 0	128	Linked in 328 ms	 
diagnostics: 0	129	Project 'Fisica2.mcppi' completed: 1031 ms	 
diagnostics: 0	103	Finished successfully: 19 feb. 2018, 17:36:42	Fisica2.mcppi
