This is pdfTeX, Version 3.14159265-2.6-1.40.17 (MiKTeX 2.9) (preloaded format=pdflatex 2016.11.12)  5 APR 2017 17:05
entering extended mode
**./Correccione1..tex
(Correccione1..tex
LaTeX2e <2016/03/31> patch level 3
Babel <3.9r> and hyphenation patterns for 75 language(s) loaded.
("C:\Program Files\LaTex\tex\latex\base\article.cls"
Document Class: article 2014/09/29 v1.4h Standard LaTeX document class
("C:\Program Files\LaTex\tex\latex\base\size10.clo"
File: size10.clo 2014/09/29 v1.4h Standard LaTeX file (size option)
)
\c@part=\count79
\c@section=\count80
\c@subsection=\count81
\c@subsubsection=\count82
\c@paragraph=\count83
\c@subparagraph=\count84
\c@figure=\count85
\c@table=\count86
\abovecaptionskip=\skip41
\belowcaptionskip=\skip42
\bibindent=\dimen102
)
("C:\Program Files\LaTex\tex\latex\base\inputenc.sty"
Package: inputenc 2015/03/17 v1.2c Input encoding file
\inpenc@prehook=\toks14
\inpenc@posthook=\toks15

("C:\Program Files\LaTex\tex\latex\base\latin1.def"
File: latin1.def 2015/03/17 v1.2c Input encoding file
))
("C:\Program Files\LaTex\tex\generic\babel\babel.sty"
Package: babel 2016/04/23 3.9r The Babel package

*************************************
* Local config file bblopts.cfg used
*
(C:\Users\Lnvo-PC\AppData\Roaming\MiKTeX\2.9\tex\latex\arabi\bblopts.cfg
File: bblopts.cfg 2005/09/08 v0.1 add Arabic and Farsi to "declared" options of
 babel
)
("C:\Program Files\LaTex\tex\latex\babel-spanish\spanish.ldf"
Language: spanish.ldf 2016/03/03 v5.0p Spanish support from the babel system

("C:\Program Files\LaTex\tex\generic\babel\babel.def"
File: babel.def 2016/04/23 3.9r Babel common definitions
\babel@savecnt=\count87
\U@D=\dimen103
)
\es@quottoks=\toks16
\es@quotdepth=\count88
Package babel Info: Making " an active character on input line 561.
Package babel Info: Making . an active character on input line 662.
Package babel Info: Making < an active character on input line 707.
Package babel Info: Making > an active character on input line 707.
))

! LaTeX Error: Option clash for package inputenc.

See the LaTeX manual or LaTeX Companion for explanation.
Type  H <return>  for immediate help.
 ...                                              
                                                  
l.5 \usepackage
               {amsmath}
The package inputenc has already been loaded with options:
  [latin1]
There has now been an attempt to load it with options
  [utf8]
Adding the global options:
  latin1,utf8
to your \documentclass declaration may fix this.
Try typing  <return>  to proceed.

("C:\Program Files\LaTex\tex\latex\amsmath\amsmath.sty"
Package: amsmath 2016/06/28 v2.15d AMS math features
\@mathmargin=\skip43

For additional information on amsmath, use the `?' option.
("C:\Program Files\LaTex\tex\latex\amsmath\amstext.sty"
Package: amstext 2000/06/29 v2.01 AMS text

("C:\Program Files\LaTex\tex\latex\amsmath\amsgen.sty"
File: amsgen.sty 1999/11/30 v2.0 generic functions
\@emptytoks=\toks17
\ex@=\dimen104
))
("C:\Program Files\LaTex\tex\latex\amsmath\amsbsy.sty"
Package: amsbsy 1999/11/29 v1.2d Bold Symbols
\pmbraise@=\dimen105
)
("C:\Program Files\LaTex\tex\latex\amsmath\amsopn.sty"
Package: amsopn 2016/03/08 v2.02 operator names
)
\inf@bad=\count89
LaTeX Info: Redefining \frac on input line 199.
\uproot@=\count90
\leftroot@=\count91
LaTeX Info: Redefining \overline on input line 297.
\classnum@=\count92
\DOTSCASE@=\count93
LaTeX Info: Redefining \ldots on input line 394.
LaTeX Info: Redefining \dots on input line 397.
LaTeX Info: Redefining \cdots on input line 518.
\Mathstrutbox@=\box26
\strutbox@=\box27
\big@size=\dimen106
LaTeX Font Info:    Redeclaring font encoding OML on input line 634.
LaTeX Font Info:    Redeclaring font encoding OMS on input line 635.
\macc@depth=\count94
\c@MaxMatrixCols=\count95
\dotsspace@=\muskip10
\c@parentequation=\count96
\dspbrk@lvl=\count97
\tag@help=\toks18
\row@=\count98
\column@=\count99
\maxfields@=\count100
\andhelp@=\toks19
\eqnshift@=\dimen107
\alignsep@=\dimen108
\tagshift@=\dimen109
\tagwidth@=\dimen110
\totwidth@=\dimen111
\lineht@=\dimen112
\@envbody=\toks20
\multlinegap=\skip44
\multlinetaggap=\skip45
\mathdisplay@stack=\toks21
LaTeX Info: Redefining \[ on input line 2739.
LaTeX Info: Redefining \] on input line 2740.
)
("C:\Program Files\LaTex\tex\latex\amsfonts\amsfonts.sty"
Package: amsfonts 2013/01/14 v3.01 Basic AMSFonts support
\symAMSa=\mathgroup4
\symAMSb=\mathgroup5
LaTeX Font Info:    Overwriting math alphabet `\mathfrak' in version `bold'
(Font)                  U/euf/m/n --> U/euf/b/n on input line 106.
)
("C:\Program Files\LaTex\tex\latex\amsfonts\amssymb.sty"
Package: amssymb 2013/01/14 v3.01 AMS font symbols
)
("C:\Program Files\LaTex\tex\latex\graphics\graphicx.sty"
Package: graphicx 2014/10/28 v1.0g Enhanced LaTeX Graphics (DPC,SPQR)

("C:\Program Files\LaTex\tex\latex\graphics\keyval.sty"
Package: keyval 2014/10/28 v1.15 key=value parser (DPC)
\KV@toks@=\toks22
)
("C:\Program Files\LaTex\tex\latex\graphics\graphics.sty"
Package: graphics 2016/07/10 v1.0t Standard LaTeX Graphics (DPC,SPQR)

("C:\Program Files\LaTex\tex\latex\graphics\trig.sty"
Package: trig 2016/01/03 v1.10 sin cos tan (DPC)
)
("C:\Program Files\LaTex\tex\latex\00miktex\graphics.cfg"
File: graphics.cfg 2016/06/04 v1.11 sample graphics configuration
)
Package graphics Info: Driver file: pdftex.def on input line 99.

("C:\Program Files\LaTex\tex\latex\graphics-def\pdftex.def"
File: pdftex.def 2016/07/10 v0.06j Graphics/color for pdfTeX

("C:\Program Files\LaTex\tex\generic\oberdiek\infwarerr.sty"
Package: infwarerr 2016/05/16 v1.4 Providing info/warning/error messages (HO)
)
("C:\Program Files\LaTex\tex\generic\oberdiek\ltxcmds.sty"
Package: ltxcmds 2016/05/16 v1.23 LaTeX kernel commands for general use (HO)
)
\Gread@gobject=\count101
))
\Gin@req@height=\dimen113
\Gin@req@width=\dimen114
)
("C:\Program Files\LaTex\tex\latex\geometry\geometry.sty"
Package: geometry 2010/09/12 v5.6 Page Geometry

("C:\Program Files\LaTex\tex\generic\oberdiek\ifpdf.sty"
Package: ifpdf 2016/05/14 v3.1 Provides the ifpdf switch
)
("C:\Program Files\LaTex\tex\generic\oberdiek\ifvtex.sty"
Package: ifvtex 2016/05/16 v1.6 Detect VTeX and its facilities (HO)
Package ifvtex Info: VTeX not detected.
)
("C:\Program Files\LaTex\tex\generic\ifxetex\ifxetex.sty"
Package: ifxetex 2010/09/12 v0.6 Provides ifxetex conditional
)
\Gm@cnth=\count102
\Gm@cntv=\count103
\c@Gm@tempcnt=\count104
\Gm@bindingoffset=\dimen115
\Gm@wd@mp=\dimen116
\Gm@odd@mp=\dimen117
\Gm@even@mp=\dimen118
\Gm@layoutwidth=\dimen119
\Gm@layoutheight=\dimen120
\Gm@layouthoffset=\dimen121
\Gm@layoutvoffset=\dimen122
\Gm@dimlist=\toks23

("C:\Program Files\LaTex\tex\latex\geometry\geometry.cfg")) (Correccione1..aux
LaTeX Info: Redefining \. on input line 6.
LaTeX Info: Redefining \% on input line 6.
)
\openout1 = `Correccione1..aux'.

LaTeX Font Info:    Checking defaults for OML/cmm/m/it on input line 10.
LaTeX Font Info:    ... okay on input line 10.
LaTeX Font Info:    Checking defaults for T1/cmr/m/n on input line 10.
LaTeX Font Info:    ... okay on input line 10.
LaTeX Font Info:    Checking defaults for OT1/cmr/m/n on input line 10.
LaTeX Font Info:    ... okay on input line 10.
LaTeX Font Info:    Checking defaults for OMS/cmsy/m/n on input line 10.
LaTeX Font Info:    ... okay on input line 10.
LaTeX Font Info:    Checking defaults for OMX/cmex/m/n on input line 10.
LaTeX Font Info:    ... okay on input line 10.
LaTeX Font Info:    Checking defaults for U/cmr/m/n on input line 10.
LaTeX Font Info:    ... okay on input line 10.
LaTeX Info: Redefining \. on input line 10.
LaTeX Info: Redefining \% on input line 10.
(C:\Users\Lnvo-PC\AppData\Roaming\MiKTeX\2.9\tex\context\base\supp-pdf.mkii
[Loading MPS to PDF converter (version 2006.09.02).]
\scratchcounter=\count105
\scratchdimen=\dimen123
\scratchbox=\box28
\nofMPsegments=\count106
\nofMParguments=\count107
\everyMPshowfont=\toks24
\MPscratchCnt=\count108
\MPscratchDim=\dimen124
\MPnumerator=\count109
\makeMPintoPDFobject=\count110
\everyMPtoPDFconversion=\toks25
) ("C:\Program Files\LaTex\tex\generic\oberdiek\pdftexcmds.sty"
Package: pdftexcmds 2016/05/21 v0.22 Utility functions of pdfTeX for LuaTeX (HO
)

("C:\Program Files\LaTex\tex\generic\oberdiek\ifluatex.sty"
Package: ifluatex 2016/05/16 v1.4 Provides the ifluatex switch (HO)
Package ifluatex Info: LuaTeX not detected.
)
Package pdftexcmds Info: LuaTeX not detected.
Package pdftexcmds Info: \pdf@primitive is available.
Package pdftexcmds Info: \pdf@ifprimitive is available.
Package pdftexcmds Info: \pdfdraftmode found.
)
("C:\Program Files\LaTex\tex\latex\oberdiek\epstopdf-base.sty"
Package: epstopdf-base 2016/05/15 v2.6 Base part for package epstopdf

("C:\Program Files\LaTex\tex\latex\oberdiek\grfext.sty"
Package: grfext 2016/05/16 v1.2 Manage graphics extensions (HO)

("C:\Program Files\LaTex\tex\generic\oberdiek\kvdefinekeys.sty"
Package: kvdefinekeys 2016/05/16 v1.4 Define keys (HO)
))
("C:\Program Files\LaTex\tex\latex\oberdiek\kvoptions.sty"
Package: kvoptions 2016/05/16 v3.12 Key value format for package options (HO)

("C:\Program Files\LaTex\tex\generic\oberdiek\kvsetkeys.sty"
Package: kvsetkeys 2016/05/16 v1.17 Key value parser (HO)

("C:\Program Files\LaTex\tex\generic\oberdiek\etexcmds.sty"
Package: etexcmds 2016/05/16 v1.6 Avoid name clashes with e-TeX commands (HO)
Package etexcmds Info: Could not find \expanded.
(etexcmds)             That can mean that you are not using pdfTeX 1.50 or
(etexcmds)             that some package has redefined \expanded.
(etexcmds)             In the latter case, load this package earlier.
)))
Package epstopdf-base Info: Redefining graphics rule for `.eps' on input line 4
38.
Package grfext Info: Graphics extension search list:
(grfext)             [.png,.pdf,.jpg,.mps,.jpeg,.jbig2,.jb2,.PNG,.PDF,.JPG,.JPE
G,.JBIG2,.JB2,.eps]
(grfext)             \AppendGraphicsExtensions on input line 456.
)
*geometry* driver: auto-detecting
*geometry* detected driver: pdftex
*geometry* verbose mode - [ preamble ] result:
* driver: pdftex
* paper: a4paper
* layout: <same size as paper>
* layoutoffset:(h,v)=(0.0pt,0.0pt)
* modes: 
* h-part:(L,W,R)=(56.9055pt, 483.69687pt, 56.9055pt)
* v-part:(T,H,B)=(56.9055pt, 731.23584pt, 56.9055pt)
* \paperwidth=597.50787pt
* \paperheight=845.04684pt
* \textwidth=483.69687pt
* \textheight=731.23584pt
* \oddsidemargin=-15.36449pt
* \evensidemargin=-15.36449pt
* \topmargin=-52.36449pt
* \headheight=12.0pt
* \headsep=25.0pt
* \topskip=10.0pt
* \footskip=30.0pt
* \marginparwidth=57.0pt
* \marginparsep=11.0pt
* \columnsep=10.0pt
* \skip\footins=9.0pt plus 4.0pt minus 2.0pt
* \hoffset=0.0pt
* \voffset=0.0pt
* \mag=1000
* \@twocolumnfalse
* \@twosidefalse
* \@mparswitchfalse
* \@reversemarginfalse
* (1in=72.27pt=25.4mm, 1cm=28.453pt)


! LaTeX Error: There's no line here to end.

See the LaTeX manual or LaTeX Companion for explanation.
Type  H <return>  for immediate help.
 ...                                              
                                                  
l.12 \textbf
            {Lista de Materiales:} \\
Your command was ignored.
Type  I <command> <return>  to replace it with another command,
or  <return>  to continue without it.


Underfull \hbox (badness 10000) in paragraph at lines 12--21

 []


! LaTeX Error: There's no line here to end.

See the LaTeX manual or LaTeX Companion for explanation.
Type  H <return>  for immediate help.
 ...                                              
                                                  
l.24 \\
       
Your command was ignored.
Type  I <command> <return>  to replace it with another command,
or  <return>  to continue without it.

<../../../../../../Pictures/1111111111.jpg, id=1, 570.63188pt x 519.44063pt>
File: ../../../../../../Pictures/1111111111.jpg Graphic file (type jpg)

<use ../../../../../../Pictures/1111111111.jpg>
Package pdftex.def Info: ../../../../../../Pictures/1111111111.jpg used on inpu
t line 25.
(pdftex.def)             Requested size: 284.52756pt x 258.99841pt.
LaTeX Font Info:    Try loading font information for U+msa on input line 37.

("C:\Program Files\LaTex\tex\latex\amsfonts\umsa.fd"
File: umsa.fd 2013/01/14 v3.01 AMS symbols A
)
LaTeX Font Info:    Try loading font information for U+msb on input line 37.

("C:\Program Files\LaTex\tex\latex\amsfonts\umsb.fd"
File: umsb.fd 2013/01/14 v3.01 AMS symbols B
)
! Too many }'s.
l.38 \section*{Resultados.}}
                            
You've closed more groups than you opened.
Such booboos are generally harmless, so keep going.


! LaTeX Error: Environment figure 2 undefined.

See the LaTeX manual or LaTeX Companion for explanation.
Type  H <return>  for immediate help.
 ...                                              
                                                  
l.42 \begin{figure 2}
                     
Your command was ignored.
Type  I <command> <return>  to replace it with another command,
or  <return>  to continue without it.


! LaTeX Error: \caption outside float.

See the LaTeX manual or LaTeX Companion for explanation.
Type  H <return>  for immediate help.
 ...                                              
                                                  
l.43 \caption
             {\textbf{Tabla 1.}}
You're in trouble here.  Try typing  <return>  to proceed.
If that doesn't work, type  X <return>  to quit.

<../../../../../../Pictures/Tablaone.jpg, id=2, 428.35031pt x 242.40562pt>
File: ../../../../../../Pictures/Tablaone.jpg Graphic file (type jpg)

<use ../../../../../../Pictures/Tablaone.jpg>
Package pdftex.def Info: ../../../../../../Pictures/Tablaone.jpg used on input 
line 46.
(pdftex.def)             Requested size: 341.43306pt x 193.21828pt.
 [1

{C:/Users/Lnvo-PC/AppData/Local/MiKTeX/2.9/pdftex/config/pdftex.map} <../../../
../../../Pictures/1111111111.jpg>]

! LaTeX Error: \begin{document} ended by \end{figure 2}.

See the LaTeX manual or LaTeX Companion for explanation.
Type  H <return>  for immediate help.
 ...                                              
                                                  
l.48 \end{figure 2}
                   
Your command was ignored.
Type  I <command> <return>  to replace it with another command,
or  <return>  to continue without it.


! LaTeX Error: There's no line here to end.

See the LaTeX manual or LaTeX Companion for explanation.
Type  H <return>  for immediate help.
 ...                                              
                                                  
l.50 \medskip
             
Your command was ignored.
Type  I <command> <return>  to replace it with another command,
or  <return>  to continue without it.


! LaTeX Error: Environment figure 3 undefined.

See the LaTeX manual or LaTeX Companion for explanation.
Type  H <return>  for immediate help.
 ...                                              
                                                  
l.54 \begin{figure 3}
                     
Your command was ignored.
Type  I <command> <return>  to replace it with another command,
or  <return>  to continue without it.


! LaTeX Error: \caption outside float.

See the LaTeX manual or LaTeX Companion for explanation.
Type  H <return>  for immediate help.
 ...                                              
                                                  
l.55 \caption
             {\textbf{Tabla 2.}}
You're in trouble here.  Try typing  <return>  to proceed.
If that doesn't work, type  X <return>  to quit.


<../../../../../../Pictures/tablaonetwo.jpg, id=11, 219.82124pt x 185.19188pt>
File: ../../../../../../Pictures/tablaonetwo.jpg Graphic file (type jpg)

<use ../../../../../../Pictures/tablaonetwo.jpg>
Package pdftex.def Info: ../../../../../../Pictures/tablaonetwo.jpg used on inp
ut line 58.
(pdftex.def)             Requested size: 170.71652pt x 143.8274pt.

<../../../../../../Pictures/tabla12222.jpg, id=12, 221.32687pt x 186.6975pt>
File: ../../../../../../Pictures/tabla12222.jpg Graphic file (type jpg)

<use ../../../../../../Pictures/tabla12222.jpg>
Package pdftex.def Info: ../../../../../../Pictures/tabla12222.jpg used on inpu
t line 59.
(pdftex.def)             Requested size: 170.71652pt x 144.0139pt.


! LaTeX Error: \caption outside float.

See the LaTeX manual or LaTeX Companion for explanation.
Type  H <return>  for immediate help.
 ...                                              
                                                  
l.61 \caption
             {Datos tabulados para graficar.}
You're in trouble here.  Try typing  <return>  to proceed.
If that doesn't work, type  X <return>  to quit.


! LaTeX Error: \begin{document} ended by \end{figure 3}.

See the LaTeX manual or LaTeX Companion for explanation.
Type  H <return>  for immediate help.
 ...                                              
                                                  
l.62 \end{figure 3}
                   
Your command was ignored.
Type  I <command> <return>  to replace it with another command,
or  <return>  to continue without it.


Underfull \hbox (badness 10000) in paragraph at lines 61--64

 []


! LaTeX Error: There's no line here to end.

See the LaTeX manual or LaTeX Companion for explanation.
Type  H <return>  for immediate help.
 ...                                              
                                                  
l.66 \\
       
Your command was ignored.
Type  I <command> <return>  to replace it with another command,
or  <return>  to continue without it.


! LaTeX Error: There's no line here to end.

See the LaTeX manual or LaTeX Companion for explanation.
Type  H <return>  for immediate help.
 ...                                              
                                                  
l.67 \begin
           {figure 5}
Your command was ignored.
Type  I <command> <return>  to replace it with another command,
or  <return>  to continue without it.


! LaTeX Error: Environment figure 5 undefined.

See the LaTeX manual or LaTeX Companion for explanation.
Type  H <return>  for immediate help.
 ...                                              
                                                  
l.67 \begin{figure 5}
                     
Your command was ignored.
Type  I <command> <return>  to replace it with another command,
or  <return>  to continue without it.


<../../../../../../Pictures/Dispersion1.jpg, id=13, 353.06906pt x 212.29312pt>
File: ../../../../../../Pictures/Dispersion1.jpg Graphic file (type jpg)

<use ../../../../../../Pictures/Dispersion1.jpg>
Package pdftex.def Info: ../../../../../../Pictures/Dispersion1.jpg used on inp
ut line 70.
(pdftex.def)             Requested size: 227.62204pt x 136.86484pt.

<../../../../../../Pictures/Dispersion2.jpg, id=14, 359.84438pt x 209.28188pt>
File: ../../../../../../Pictures/Dispersion2.jpg Graphic file (type jpg)

<use ../../../../../../Pictures/Dispersion2.jpg>
Package pdftex.def Info: ../../../../../../Pictures/Dispersion2.jpg used on inp
ut line 71.
(pdftex.def)             Requested size: 227.62204pt x 132.38794pt.


! LaTeX Error: \caption outside float.

See the LaTeX manual or LaTeX Companion for explanation.
Type  H <return>  for immediate help.
 ...                                              
                                                  
l.73 \caption
             {Gr\'{a}fico de dispersi\'o}n para el m\'{e}todo oscilatorio.}
You're in trouble here.  Try typing  <return>  to proceed.
If that doesn't work, type  X <return>  to quit.

! Extra }, or forgotten \endgroup.
l.73 ...ersi\'o}n para el m\'{e}todo oscilatorio.}
                                                  
I've deleted a group-closing symbol because it seems to be
spurious, as in `$x}$'. But perhaps the } is legitimate and
you forgot something else, as in `\hbox{$x}'. In such cases
the way to recover is to insert both the forgotten and the
deleted material, e.g., by typing `I$}'.


! LaTeX Error: \begin{document} ended by \end{figure 5}.

See the LaTeX manual or LaTeX Companion for explanation.
Type  H <return>  for immediate help.
 ...                                              
                                                  
l.74 \end{figure 5}
                   
Your command was ignored.
Type  I <command> <return>  to replace it with another command,
or  <return>  to continue without it.

[2 <../../../../../../Pictures/Tablaone.jpg> <../../../../../../Pictures/tablao
netwo.jpg> <../../../../../../Pictures/tabla12222.jpg> <../../../../../../Pictu
res/Dispersion1.jpg> <../../../../../../Pictures/Dispersion2.jpg>]

! LaTeX Error: There's no line here to end.

See the LaTeX manual or LaTeX Companion for explanation.
Type  H <return>  for immediate help.
 ...                                              
                                                  
l.78 P
      or el Apr\'{e}ndice 1 podemos hacer el respectivo ajuste por el m\'{e}...

Your command was ignored.
Type  I <command> <return>  to replace it with another command,
or  <return>  to continue without it.

! Missing \right. inserted.
<inserted text> 
                \right .
l.78 ...ow \left( \theta(grad),{k}_{1} (Nm/grad))$
                                                    tambi\'{e}n un modelo li...
I've inserted something that you may have forgotten.
(See the <inserted text> above.)
With luck, this will get me unwedged. But if you
really didn't forget anything, try typing `2' now; then
my insertion and my current dilemma will both disappear.

! Missing \right. inserted.
<inserted text> 
                \right .
l.78 ...htarrow \left( \theta(grad), {M}_{1}(Pa))$
                                                  y para cada uno de los dat...
I've inserted something that you may have forgotten.
(See the <inserted text> above.)
With luck, this will get me unwedged. But if you
really didn't forget anything, try typing `2' now; then
my insertion and my current dilemma will both disappear.


! LaTeX Error: Environment figure 6 undefined.

See the LaTeX manual or LaTeX Companion for explanation.
Type  H <return>  for immediate help.
 ...                                              
                                                  
l.83 \begin{figure 6}
                     
Your command was ignored.
Type  I <command> <return>  to replace it with another command,
or  <return>  to continue without it.


! LaTeX Error: \begin{document} ended by \end{figure 6}.

See the LaTeX manual or LaTeX Companion for explanation.
Type  H <return>  for immediate help.
 ...                                              
                                                  
l.93 \end{figure 6}
                   
Your command was ignored.
Type  I <command> <return>  to replace it with another command,
or  <return>  to continue without it.


Underfull \hbox (badness 10000) in paragraph at lines 78--97

 []

! Missing } inserted.
<inserted text> 
                }
l.102 ...\right)  }^{ 2 } } ={ 1.0367 (Nm/grad).\]
                                                  
I've inserted something that you may have forgotten.
(See the <inserted text> above.)
With luck, this will get me unwedged. But if you
really didn't forget anything, try typing `2' now; then
my insertion and my current dilemma will both disappear.


! LaTeX Error: Environment figure 7 undefined.

See the LaTeX manual or LaTeX Companion for explanation.
Type  H <return>  for immediate help.
 ...                                              
                                                  
l.108 \begin{figure 7}
                      
Your command was ignored.
Type  I <command> <return>  to replace it with another command,
or  <return>  to continue without it.


! LaTeX Error: \begin{document} ended by \end{figure 7}.

See the LaTeX manual or LaTeX Companion for explanation.
Type  H <return>  for immediate help.
 ...                                              
                                                  
l.118 \end{figure 7}
                    
Your command was ignored.
Type  I <command> <return>  to replace it with another command,
or  <return>  to continue without it.


Underfull \hbox (badness 10000) in paragraph at lines 104--122

 []

[3]

! LaTeX Error: There's no line here to end.

See the LaTeX manual or LaTeX Companion for explanation.
Type  H <return>  for immediate help.
 ...                                              
                                                  
l.135 N
       otemos que mientras por medio de c\'{a}alculos pudimos enconrar un mo...

Your command was ignored.
Type  I <command> <return>  to replace it with another command,
or  <return>  to continue without it.

<../../../../../../Pictures/EXCLE111.jpg, id=26, 359.84438pt x 204.01219pt>
File: ../../../../../../Pictures/EXCLE111.jpg Graphic file (type jpg)

<use ../../../../../../Pictures/EXCLE111.jpg>
Package pdftex.def Info: ../../../../../../Pictures/EXCLE111.jpg used on input 
line 139.
(pdftex.def)             Requested size: 227.62204pt x 129.05444pt.

<../../../../../../Pictures/EXCLE22222.jpg, id=27, 359.84438pt x 204.01219pt>
File: ../../../../../../Pictures/EXCLE22222.jpg Graphic file (type jpg)

<use ../../../../../../Pictures/EXCLE22222.jpg>
Package pdftex.def Info: ../../../../../../Pictures/EXCLE22222.jpg used on inpu
t line 140.
(pdftex.def)             Requested size: 233.3125pt x 132.27948pt.

Underfull \hbox (badness 10000) in paragraph at lines 144--146

 []


! LaTeX Error: There's no line here to end.

See the LaTeX manual or LaTeX Companion for explanation.
Type  H <return>  for immediate help.
 ...                                              
                                                  
l.147 L
       os valores verdaderos (Taba 1 del marco te\'{o}rico) de los m\'{o}dul...

Your command was ignored.
Type  I <command> <return>  to replace it with another command,
or  <return>  to continue without it.

[4 <../../../../../../Pictures/EXCLE111.jpg> <../../../../../../Pictures/EXCLE2
2222.jpg>]

! LaTeX Error: Environment figure 2 undefined.

See the LaTeX manual or LaTeX Companion for explanation.
Type  H <return>  for immediate help.
 ...                                              
                                                  
l.156 \begin{figure 2}
                      
Your command was ignored.
Type  I <command> <return>  to replace it with another command,
or  <return>  to continue without it.


! LaTeX Error: \caption outside float.

See the LaTeX manual or LaTeX Companion for explanation.
Type  H <return>  for immediate help.
 ...                                              
                                                  
l.157 \caption
              {Tabla 1.1}
You're in trouble here.  Try typing  <return>  to proceed.
If that doesn't work, type  X <return>  to quit.


<../../../../../../Pictures/tablatwoooo.jpg, id=31, 429.10312pt x 225.09094pt>
File: ../../../../../../Pictures/tablatwoooo.jpg Graphic file (type jpg)

<use ../../../../../../Pictures/tablatwoooo.jpg>
Package pdftex.def Info: ../../../../../../Pictures/tablatwoooo.jpg used on inp
ut line 160.
(pdftex.def)             Requested size: 341.43306pt x 179.10442pt.


! LaTeX Error: \begin{document} ended by \end{figure 2}.

See the LaTeX manual or LaTeX Companion for explanation.
Type  H <return>  for immediate help.
 ...                                              
                                                  
l.162 \end{figure 2}
                    
Your command was ignored.
Type  I <command> <return>  to replace it with another command,
or  <return>  to continue without it.


! LaTeX Error: There's no line here to end.

See the LaTeX manual or LaTeX Companion for explanation.
Type  H <return>  for immediate help.
 ...                                              
                                                  
l.164 \medskip
              
Your command was ignored.
Type  I <command> <return>  to replace it with another command,
or  <return>  to continue without it.


! LaTeX Error: Environment figure 3 undefined.

See the LaTeX manual or LaTeX Companion for explanation.
Type  H <return>  for immediate help.
 ...                                              
                                                  
l.169 \begin{figure 3}
                      
Your command was ignored.
Type  I <command> <return>  to replace it with another command,
or  <return>  to continue without it.


! LaTeX Error: \caption outside float.

See the LaTeX manual or LaTeX Companion for explanation.
Type  H <return>  for immediate help.
 ...                                              
                                                  
l.170 \caption
              {Tabla 2.1}
You're in trouble here.  Try typing  <return>  to proceed.
If that doesn't work, type  X <return>  to quit.


<../../../../../../Pictures/tablatwoone.jpg, id=32, 219.82124pt x 170.13562pt>
File: ../../../../../../Pictures/tablatwoone.jpg Graphic file (type jpg)

<use ../../../../../../Pictures/tablatwoone.jpg>
Package pdftex.def Info: ../../../../../../Pictures/tablatwoone.jpg used on inp
ut line 173.
(pdftex.def)             Requested size: 170.71652pt x 132.13411pt.

<../../../../../../Pictures/tablaoneontwo.jpg, id=33, 217.5628pt x 170.13562pt>
File: ../../../../../../Pictures/tablaoneontwo.jpg Graphic file (type jpg)
<use ../../../../../../Pictures/tablaoneontwo.jpg>
Package pdftex.def Info: ../../../../../../Pictures/tablaoneontwo.jpg used on i
nput line 174.
(pdftex.def)             Requested size: 170.71652pt x 133.51001pt.


! LaTeX Error: \caption outside float.

See the LaTeX manual or LaTeX Companion for explanation.
Type  H <return>  for immediate help.
 ...                                              
                                                  
l.175 \caption
              {Datos tabulados para graficar.}
You're in trouble here.  Try typing  <return>  to proceed.
If that doesn't work, type  X <return>  to quit.


! LaTeX Error: \begin{document} ended by \end{figure 3}.

See the LaTeX manual or LaTeX Companion for explanation.
Type  H <return>  for immediate help.
 ...                                              
                                                  
l.176 \end{figure 3}
                    
Your command was ignored.
Type  I <command> <return>  to replace it with another command,
or  <return>  to continue without it.


Underfull \hbox (badness 10000) in paragraph at lines 175--178

 []


! LaTeX Error: There's no line here to end.

See the LaTeX manual or LaTeX Companion for explanation.
Type  H <return>  for immediate help.
 ...                                              
                                                  
l.180 \\
        
Your command was ignored.
Type  I <command> <return>  to replace it with another command,
or  <return>  to continue without it.


! LaTeX Error: There's no line here to end.

See the LaTeX manual or LaTeX Companion for explanation.
Type  H <return>  for immediate help.
 ...                                              
                                                  
l.181 \begin
            {figure 5}
Your command was ignored.
Type  I <command> <return>  to replace it with another command,
or  <return>  to continue without it.


! LaTeX Error: Environment figure 5 undefined.

See the LaTeX manual or LaTeX Companion for explanation.
Type  H <return>  for immediate help.
 ...                                              
                                                  
l.181 \begin{figure 5}
                      
Your command was ignored.
Type  I <command> <return>  to replace it with another command,
or  <return>  to continue without it.


<../../../../../../Pictures/Dispersion3.jpg, id=34, 359.84438pt x 209.28188pt>
File: ../../../../../../Pictures/Dispersion3.jpg Graphic file (type jpg)

<use ../../../../../../Pictures/Dispersion3.jpg>
Package pdftex.def Info: ../../../../../../Pictures/Dispersion3.jpg used on inp
ut line 184.
(pdftex.def)             Requested size: 233.3125pt x 135.69629pt.

<../../../../../../Pictures/Dispersion4.jpg, id=35, 359.84438pt x 204.01219pt>
File: ../../../../../../Pictures/Dispersion4.jpg Graphic file (type jpg)

<use ../../../../../../Pictures/Dispersion4.jpg>
Package pdftex.def Info: ../../../../../../Pictures/Dispersion4.jpg used on inp
ut line 185.
(pdftex.def)             Requested size: 236.15796pt x 133.892pt.


! LaTeX Error: \caption outside float.

See the LaTeX manual or LaTeX Companion for explanation.
Type  H <return>  for immediate help.
 ...                                              
                                                  
l.187 \caption
              {Gr\'{a}fico de dispersi\'o}n para el m\'{e}todo oscilatorio d...

You're in trouble here.  Try typing  <return>  to proceed.
If that doesn't work, type  X <return>  to quit.

! Extra }, or forgotten \endgroup.
l.187 ...el m\'{e}todo oscilatorio de la Barra 2.}
                                                  
I've deleted a group-closing symbol because it seems to be
spurious, as in `$x}$'. But perhaps the } is legitimate and
you forgot something else, as in `\hbox{$x}'. In such cases
the way to recover is to insert both the forgotten and the
deleted material, e.g., by typing `I$}'.


! LaTeX Error: \begin{document} ended by \end{figure 5}.

See the LaTeX manual or LaTeX Companion for explanation.
Type  H <return>  for immediate help.
 ...                                              
                                                  
l.188 \end{figure 5}
                    
Your command was ignored.
Type  I <command> <return>  to replace it with another command,
or  <return>  to continue without it.

[5 <../../../../../../Pictures/tablatwoooo.jpg> <../../../../../../Pictures/tab
latwoone.jpg> <../../../../../../Pictures/tablaoneontwo.jpg> <../../../../../..
/Pictures/Dispersion3.jpg> <../../../../../../Pictures/Dispersion4.jpg>]
! Missing \right. inserted.
<inserted text> 
                \right .
l.192 ...w \left( \theta(grad),{k}_{2} (Nm/grad))$
                                                    tambi\'{e}n un modelo li...
I've inserted something that you may have forgotten.
(See the <inserted text> above.)
With luck, this will get me unwedged. But if you
really didn't forget anything, try typing `2' now; then
my insertion and my current dilemma will both disappear.

! Missing \right. inserted.
<inserted text> 
                \right .
l.192 ...tarrow \left( \theta(grad), {M}_{2}(Pa))$
                                                  y para cada uno de los dat...
I've inserted something that you may have forgotten.
(See the <inserted text> above.)
With luck, this will get me unwedged. But if you
really didn't forget anything, try typing `2' now; then
my insertion and my current dilemma will both disappear.


! LaTeX Error: Environment figure 6 undefined.

See the LaTeX manual or LaTeX Companion for explanation.
Type  H <return>  for immediate help.
 ...                                              
                                                  
l.197 \begin{figure 6}
                      
Your command was ignored.
Type  I <command> <return>  to replace it with another command,
or  <return>  to continue without it.


! LaTeX Error: \begin{document} ended by \end{figure 6}.

See the LaTeX manual or LaTeX Companion for explanation.
Type  H <return>  for immediate help.
 ...                                              
                                                  
l.207 \end{figure 6}
                    
Your command was ignored.
Type  I <command> <return>  to replace it with another command,
or  <return>  to continue without it.


Underfull \hbox (badness 10000) in paragraph at lines 192--211

 []


! LaTeX Error: Environment figure 7 undefined.

See the LaTeX manual or LaTeX Companion for explanation.
Type  H <return>  for immediate help.
 ...                                              
                                                  
l.222 \begin{figure 7}
                      
Your command was ignored.
Type  I <command> <return>  to replace it with another command,
or  <return>  to continue without it.


! LaTeX Error: \begin{document} ended by \end{figure 7}.

See the LaTeX manual or LaTeX Companion for explanation.
Type  H <return>  for immediate help.
 ...                                              
                                                  
l.232 \end{figure 7}
                    
Your command was ignored.
Type  I <command> <return>  to replace it with another command,
or  <return>  to continue without it.


Underfull \hbox (badness 10000) in paragraph at lines 218--236

 []

[6]

! LaTeX Error: There's no line here to end.

See the LaTeX manual or LaTeX Companion for explanation.
Type  H <return>  for immediate help.
 ...                                              
                                                  
l.249 \section
              *{Ajuste por excel.}\\
Your command was ignored.
Type  I <command> <return>  to replace it with another command,
or  <return>  to continue without it.


! LaTeX Error: There's no line here to end.

See the LaTeX manual or LaTeX Companion for explanation.
Type  H <return>  for immediate help.
 ...                                              
                                                  
l.250 N
       otemos que mientras por medio de c\'{a}alculos pudimos enconrar un mo...

Your command was ignored.
Type  I <command> <return>  to replace it with another command,
or  <return>  to continue without it.

<../../../../../../Pictures/ESCLE3.jpg, id=42, 359.84438pt x 204.01219pt>
File: ../../../../../../Pictures/ESCLE3.jpg Graphic file (type jpg)

<use ../../../../../../Pictures/ESCLE3.jpg>
Package pdftex.def Info: ../../../../../../Pictures/ESCLE3.jpg used on input li
ne 254.
(pdftex.def)             Requested size: 227.62204pt x 129.05444pt.

<../../../../../../Pictures/Eslce4.jpg, id=43, 359.84438pt x 204.01219pt>
File: ../../../../../../Pictures/Eslce4.jpg Graphic file (type jpg)

<use ../../../../../../Pictures/Eslce4.jpg>
Package pdftex.def Info: ../../../../../../Pictures/Eslce4.jpg used on input li
ne 255.
(pdftex.def)             Requested size: 227.62204pt x 129.05444pt.


! LaTeX Error: There's no line here to end.

See the LaTeX manual or LaTeX Companion for explanation.
Type  H <return>  for immediate help.
 ...                                              
                                                  
l.261 L
       os valores verdaderos (Taba 1 del marco te\'{o}rico) de los m\'{o}dul...

Your command was ignored.
Type  I <command> <return>  to replace it with another command,
or  <return>  to continue without it.


Underfull \hbox (badness 10000) in paragraph at lines 265--267

 []


! LaTeX Error: There's no line here to end.

See the LaTeX manual or LaTeX Companion for explanation.
Type  H <return>  for immediate help.
 ...                                              
                                                  
l.268 A
       l llevar acabo este experimento pudimos notar que hubo ciertas fallas...

Your command was ignored.
Type  I <command> <return>  to replace it with another command,
or  <return>  to continue without it.

[7 <../../../../../../Pictures/ESCLE3.jpg> <../../../../../../Pictures/Eslce4.j
pg>] (Correccione1..aux
LaTeX Info: Redefining \. on input line 6.
LaTeX Info: Redefining \% on input line 6.
) ) 
Here is how much of TeX's memory you used:
 3778 strings out of 493334
 51710 string characters out of 3141395
 130943 words of memory out of 3000000
 7241 multiletter control sequences out of 15000+200000
 6252 words of font info for 25 fonts, out of 3000000 for 9000
 1141 hyphenation exceptions out of 8191
 40i,9n,30p,1091b,384s stack positions out of 5000i,500n,10000p,200000b,50000s
<C:/Program Files/LaTex/fonts/type1/public/amsfonts/cm/cmbx10.pfb><C:/Progra
m Files/LaTex/fonts/type1/public/amsfonts/cm/cmbx12.pfb><C:/Program Files/LaTex
/fonts/type1/public/amsfonts/cm/cmex10.pfb><C:/Program Files/LaTex/fonts/type1/
public/amsfonts/cm/cmmi10.pfb><C:/Program Files/LaTex/fonts/type1/public/amsfon
ts/cm/cmmi7.pfb><C:/Program Files/LaTex/fonts/type1/public/amsfonts/cm/cmr10.pf
b><C:/Program Files/LaTex/fonts/type1/public/amsfonts/cm/cmr7.pfb><C:/Program F
iles/LaTex/fonts/type1/public/amsfonts/cm/cmsy10.pfb><C:/Program Files/LaTex/fo
nts/type1/public/amsfonts/cm/cmsy7.pfb>
Output written on Correccione1..pdf (7 pages, 730680 bytes).
PDF statistics:
 77 PDF objects out of 1000 (max. 8388607)
 0 named destinations out of 1000 (max. 500000)
 76 words of extra memory for PDF output out of 10000 (max. 10000000)

